#
# A fatal error has been detected by the Java Runtime Environment:
#
#  EXCEPTION_ACCESS_VIOLATION (0xc0000005) at pc=0x000000000809fc26, pid=5528, tid=10168
#
# JRE version: Java(TM) SE Runtime Environment (9.0+11) (build 9.0.4+11)
# Java VM: Java HotSpot(TM) 64-Bit Server VM (9.0.4+11, mixed mode, tiered, compressed oops, g1 gc, windows-amd64)
# Problematic frame:
# V  [jvm.dll+0x5ffc26]
#
# No core dump will be written. Minidumps are not enabled by default on client versions of Windows
#
# If you would like to submit a bug report, please visit:
#   http://bugreport.java.com/bugreport/crash.jsp
#

---------------  S U M M A R Y ------------

Command Line: -agentlib:jdwp=transport=dt_socket,address=127.0.0.1:64838,suspend=y,server=n -Dorg.jetbrains.run.directory=C:\repoProteusWebJava\src\test\java\Features -javaagent:C:\Users\ramchander.telu\.IdeaIC2017.3\system\captureAgent\debugger-agent.jar=C:\Users\ramchander.telu\AppData\Local\Temp\capture1596.props -Dfile.encoding=UTF-8 cucumber.api.cli.Main --plugin org.jetbrains.plugins.cucumber.java.run.CucumberJvmSMFormatter --monochrome --name ^09 API Search for Flights$ --glue StepDefination C:/repoProteusWebJava/src/test/java/Features/AbilityToSearchForFlights.feature

Host: Intel(R) Core(TM) i5-6200U CPU @ 2.30GHz, 4 cores, 7G,  Windows 7 , 64 bit Build 7601 (6.1.7601.24009)
Time: Wed Jan 31 13:05:10 2018 GMT Standard Time elapsed time: 3870 seconds (0d 1h 4m 30s)

---------------  T H R E A D  ---------------

Current thread (0x000000000788f000):  VMThread "VM Thread" [stack: 0x0000000065b90000,0x0000000065c90000] [id=10168]

Stack: [0x0000000065b90000,0x0000000065c90000],  sp=0x0000000065c8ed60,  free space=1019k
Native frames: (J=compiled Java code, j=interpreted, Vv=VM code, C=native code)
V  [jvm.dll+0x5ffc26]
V  [jvm.dll+0x2f40d3]
V  [jvm.dll+0x2f6099]
V  [jvm.dll+0x2f666e]
V  [jvm.dll+0x2f3e55]
V  [jvm.dll+0x2f3293]
V  [jvm.dll+0x5784ff]
V  [jvm.dll+0x57880c]
V  [jvm.dll+0x5786b3]
V  [jvm.dll+0x578eac]
V  [jvm.dll+0x5470aa]
V  [jvm.dll+0x465311]
V  [jvm.dll+0x6a366b]
V  [jvm.dll+0x6a1e05]
V  [jvm.dll+0x6a25e1]
V  [jvm.dll+0x6a28cc]
V  [jvm.dll+0x586490]
C  [msvcr120.dll+0x24f7f]
C  [msvcr120.dll+0x25126]
C  [kernel32.dll+0x159cd]
C  [ntdll.dll+0x5383d]


siginfo: EXCEPTION_ACCESS_VIOLATION (0xc0000005), reading address 0xffffffffb5b40015


Register to memory mapping:

RIP=0x000000000809fc26 jvm.dll
RAX=0xffffffffb5b4000f is an unknown value
RBX=0x0000000000000001 is an unknown value
RCX=0x0000000065c8edc0 is an unknown value
RDX=0xffffffffb5b4000f is an unknown value
RSP=0x0000000065c8ed60 is an unknown value
RBP=0x0000000065c8f2e0 is an unknown value
RSI=0x0000000000000000 is an unknown value
RDI=0x0000000065c8f470 is an unknown value
R8 =0x0000000000000000 is an unknown value
R9 =0x00000000076f7828 is pointing into metadata
R10=0x00000000031e0604 is an unknown value
R11=0x00000000031e0580 is an unknown value
R12=0x0000000065c8f601 is an unknown value
R13=0x0000000000000000 is an unknown value
R14=0x0000000000000003 is an unknown value
R15=0x0000000000000078 is an unknown value


Registers:
RAX=0xffffffffb5b4000f, RBX=0x0000000000000001, RCX=0x0000000065c8edc0, RDX=0xffffffffb5b4000f
RSP=0x0000000065c8ed60, RBP=0x0000000065c8f2e0, RSI=0x0000000000000000, RDI=0x0000000065c8f470
R8 =0x0000000000000000, R9 =0x00000000076f7828, R10=0x00000000031e0604, R11=0x00000000031e0580
R12=0x0000000065c8f601, R13=0x0000000000000000, R14=0x0000000000000003, R15=0x0000000000000078
RIP=0x000000000809fc26, EFLAGS=0x0000000000010206

Top of Stack: (sp=0x0000000065c8ed60)
0x0000000065c8ed60:   0000000065c8edc0 00000000080a01dc
0x0000000065c8ed70:   00000000031e0808 00000000000003d8
0x0000000065c8ed80:   0000000000000001 0000000007d940d3
0x0000000065c8ed90:   0000000000000001 0000000065c8f470
0x0000000065c8eda0:   ffffffffffffffff 0000000065c8f3b0
0x0000000065c8edb0:   00000000031e0588 0000000000000000
0x0000000065c8edc0:   000000000823ca20 ffffffffb5b4000f
0x0000000065c8edd0:   0000000000000000 000000000000000a
0x0000000065c8ede0:   0000000065c8edf0 0000000000000000
0x0000000065c8edf0:   000000002fffffff 000000000809fa08
0x0000000065c8ee00:   4fffffff4fffffff 4fffffff4fffffff
0x0000000065c8ee10:   000000000000004a 000000000000000a
0x0000000065c8ee20:   0000000065c8ee40 0000000000000004
0x0000000065c8ee30:   000000002fffffff 00000000000003d8
0x0000000065c8ee40:   4fffffff4fffffff 4fffffff4fffffff
0x0000000065c8ee50:   0000000000000000 0000000008018a28 

Instructions: (pc=0x000000000809fc26)
0x000000000809fc06:   5f 00 cd fb 5f 00 cc cc cc cc 40 53 48 83 ec 20
0x000000000809fc16:   48 8b 41 08 c7 41 10 00 00 00 00 48 89 7c 24 38
0x000000000809fc26:   80 78 06 28 48 8b d9 74 22 41 b9 28 00 00 00 4c
0x000000000809fc36:   8d 05 64 1d 1e 00 48 8d 0d 6d 1d 1e 00 41 8d 51 


VM_Operation (0x000000006683f5c0): GetOrSetLocal, mode: safepoint, requested by thread 0x0000000066c58000


---------------  P R O C E S S  ---------------

Java Threads: ( => current thread )
  0x000000006711f000 JavaThread "Service Thread" daemon [_thread_blocked, id=9752, stack(0x0000000066e50000,0x0000000066f50000)]
  0x0000000066c63800 JavaThread "JDWP Command Reader" daemon [_thread_in_native, id=8888, stack(0x0000000066f90000,0x0000000067090000)]
  0x0000000066c63000 JavaThread "JDWP Event Helper Thread" daemon [_thread_blocked, id=1072, stack(0x0000000066d20000,0x0000000066e20000)]
  0x0000000066c58000 JavaThread "JDWP Transport Listener: dt_socket" daemon [_thread_blocked, id=1564, stack(0x0000000066740000,0x0000000066840000)]
  0x0000000007933000 JavaThread "Common-Cleaner" daemon [_thread_blocked, id=12188, stack(0x0000000066600000,0x0000000066700000)]
  0x0000000007920000 JavaThread "Sweeper thread" daemon [_thread_blocked, id=7620, stack(0x0000000065e50000,0x0000000065f50000)]
  0x000000000791f000 JavaThread "C1 CompilerThread2" daemon [_thread_blocked, id=11280, stack(0x00000000664d0000,0x00000000665d0000)]
  0x00000000078c2000 JavaThread "C2 CompilerThread1" daemon [_thread_blocked, id=6452, stack(0x0000000066320000,0x0000000066420000)]
  0x00000000078b1800 JavaThread "C2 CompilerThread0" daemon [_thread_blocked, id=7928, stack(0x0000000066220000,0x0000000066320000)]
  0x00000000078b0800 JavaThread "Attach Listener" daemon [_thread_blocked, id=12152, stack(0x0000000066080000,0x0000000066180000)]
  0x00000000078af800 JavaThread "Signal Dispatcher" daemon [_thread_blocked, id=10516, stack(0x00000000079a0000,0x0000000007aa0000)]
  0x0000000007895800 JavaThread "Finalizer" daemon [_thread_blocked, id=7164, stack(0x0000000065f50000,0x0000000066050000)]
  0x0000000007892000 JavaThread "Reference Handler" daemon [_thread_blocked, id=5836, stack(0x0000000065d20000,0x0000000065e20000)]
  0x0000000000105800 JavaThread "main" [_thread_blocked, id=11352, stack(0x0000000002040000,0x0000000002140000)]

Other Threads:
=>0x000000000788f000 VMThread "VM Thread" [stack: 0x0000000065b90000,0x0000000065c90000] [id=10168]
  0x00000000678e9800 WatcherThread [stack: 0x00000000688a0000,0x00000000689a0000] [id=9660]
  0x000000000011d000 GCTaskThread "GC Thread#0" [stack: 0x00000000027b0000,0x00000000028b0000] [id=11276]
  0x000000000011e000 GCTaskThread "GC Thread#1" [stack: 0x0000000002670000,0x0000000002770000] [id=11348]
  0x0000000000120000 GCTaskThread "GC Thread#2" [stack: 0x00000000028b0000,0x00000000029b0000] [id=10564]
  0x0000000000123000 GCTaskThread "GC Thread#3" [stack: 0x0000000002a70000,0x0000000002b70000] [id=10760]
  0x0000000000154000 ConcurrentGCThread "G1 Main Marker" [stack: 0x0000000006880000,0x0000000006980000] [id=8344]
  0x0000000000159800 ConcurrentGCThread "G1 Marker#0" [stack: 0x0000000006a10000,0x0000000006b10000] [id=3324]
  0x000000000012b800 ConcurrentGCThread "G1 Refine#0" [stack: 0x00000000035b0000,0x00000000036b0000] [id=6188]
  0x000000000012a000 ConcurrentGCThread "G1 Refine#1" [stack: 0x00000000033c0000,0x00000000034c0000] [id=10944]
  0x0000000000129000 ConcurrentGCThread "G1 Refine#2" [stack: 0x0000000003230000,0x0000000003330000] [id=4912]
  0x0000000000127800 ConcurrentGCThread "G1 Refine#3" [stack: 0x0000000003010000,0x0000000003110000] [id=11964]
  0x000000000012c800 ConcurrentGCThread "G1 Young RemSet Sampling" [stack: 0x00000000036c0000,0x00000000037c0000] [id=11816]

Threads with active compile tasks:

VM state:at safepoint (normal execution)

VM Mutex/Monitor currently owned by a thread:  ([mutex/lock_event])
[0x0000000000101dd0] Threads_lock - owner thread: 0x000000000788f000

Heap address: 0x0000000081200000, size: 2030 MB, Compressed Oops mode: 32-bit
Narrow klass base: 0x0000000000000000, Narrow klass shift: 0
Compressed class space size: 1073741824 Address: 0x0000000025ae0000

Heap:
 garbage-first heap   total 131072K, used 75585K [0x0000000081200000, 0x0000000081300400, 0x0000000100000000)
  region size 1024K, 60 young (61440K), 7 survivors (7168K)
 Metaspace       used 32415K, capacity 33854K, committed 34048K, reserved 1079296K
  class space    used 4008K, capacity 4495K, committed 4608K, reserved 1048576K
Heap Regions: E=young(eden), S=young(survivor), O=old, HS=humongous(starts), HC=humongous(continues), CS=collection set, F=free, A=archive, TS=gc time stamp, AC=allocation context, TAMS=top-at-mark-start (previous, next)
|   0|0x0000000081200000, 0x0000000081300000, 0x0000000081300000|100%| O|  |TS  0|AC  0|TAMS 0x0000000081300000, 0x0000000081300000|
|   1|0x0000000081300000, 0x0000000081400000, 0x0000000081400000|100%| O|  |TS  0|AC  0|TAMS 0x0000000081400000, 0x0000000081400000|
|   2|0x0000000081400000, 0x0000000081500000, 0x0000000081500000|100%| O|  |TS  0|AC  0|TAMS 0x0000000081500000, 0x0000000081500000|
|   3|0x0000000081500000, 0x0000000081600000, 0x0000000081600000|100%| O|  |TS  0|AC  0|TAMS 0x0000000081600000, 0x0000000081600000|
|   4|0x0000000081600000, 0x0000000081700000, 0x0000000081700000|100%| O|  |TS  0|AC  0|TAMS 0x0000000081700000, 0x0000000081700000|
|   5|0x0000000081700000, 0x0000000081800000, 0x0000000081800000|100%| O|  |TS  0|AC  0|TAMS 0x0000000081800000, 0x0000000081800000|
|   6|0x0000000081800000, 0x0000000081900000, 0x0000000081900000|100%| O|  |TS  1|AC  0|TAMS 0x00000000818f2000, 0x00000000818f2000|
|   7|0x0000000081900000, 0x0000000081a00000, 0x0000000081a00000|100%| O|  |TS  3|AC  0|TAMS 0x0000000081900000, 0x0000000081900000|
|   8|0x0000000081a00000, 0x0000000081b00000, 0x0000000081b00000|100%| O|  |TS  3|AC  0|TAMS 0x0000000081a00000, 0x0000000081a00000|
|   9|0x0000000081b00000, 0x0000000081c00000, 0x0000000081c00000|100%| O|  |TS  3|AC  0|TAMS 0x0000000081b00000, 0x0000000081b00000|
|  10|0x0000000081c00000, 0x0000000081d00000, 0x0000000081d00000|100%| O|  |TS  3|AC  0|TAMS 0x0000000081c00000, 0x0000000081c00000|
|  11|0x0000000081d00000, 0x0000000081e00000, 0x0000000081e00000|100%| O|  |TS  3|AC  0|TAMS 0x0000000081d00000, 0x0000000081d00000|
|  12|0x0000000081e00000, 0x0000000081f00000, 0x0000000081f00000|100%| O|  |TS  1|AC  0|TAMS 0x0000000081e00000, 0x0000000081e00000|
|  13|0x0000000081f00000, 0x0000000082000000, 0x0000000082000000|100%| O|  |TS  1|AC  0|TAMS 0x0000000081f00000, 0x0000000081f00000|
|  14|0x0000000082000000, 0x0000000082100000, 0x0000000082100000|100%| O|  |TS  3|AC  0|TAMS 0x0000000082000000, 0x0000000082000000|
|  15|0x0000000082100000, 0x0000000082156000, 0x0000000082200000| 33%| O|  |TS  3|AC  0|TAMS 0x0000000082100000, 0x0000000082100000|
|  16|0x0000000082200000, 0x0000000082200000, 0x0000000082300000|  0%| F|  |TS  0|AC  0|TAMS 0x0000000082200000, 0x0000000082200000|
|  17|0x0000000082300000, 0x0000000082300000, 0x0000000082400000|  0%| F|  |TS  0|AC  0|TAMS 0x0000000082300000, 0x0000000082300000|
|  18|0x0000000082400000, 0x0000000082400000, 0x0000000082500000|  0%| F|  |TS  0|AC  0|TAMS 0x0000000082400000, 0x0000000082400000|
|  19|0x0000000082500000, 0x0000000082500000, 0x0000000082600000|  0%| F|  |TS  0|AC  0|TAMS 0x0000000082500000, 0x0000000082500000|
|  20|0x0000000082600000, 0x0000000082600000, 0x0000000082700000|  0%| F|  |TS  0|AC  0|TAMS 0x0000000082600000, 0x0000000082600000|
|  21|0x0000000082700000, 0x0000000082700000, 0x0000000082800000|  0%| F|  |TS  0|AC  0|TAMS 0x0000000082700000, 0x0000000082700000|
|  22|0x0000000082800000, 0x0000000082800000, 0x0000000082900000|  0%| F|  |TS  0|AC  0|TAMS 0x0000000082800000, 0x0000000082800000|
|  23|0x0000000082900000, 0x0000000082900000, 0x0000000082a00000|  0%| F|  |TS  0|AC  0|TAMS 0x0000000082900000, 0x0000000082900000|
|  24|0x0000000082a00000, 0x0000000082a00000, 0x0000000082b00000|  0%| F|  |TS  0|AC  0|TAMS 0x0000000082a00000, 0x0000000082a00000|
|  25|0x0000000082b00000, 0x0000000082b00000, 0x0000000082c00000|  0%| F|  |TS  0|AC  0|TAMS 0x0000000082b00000, 0x0000000082b00000|
|  26|0x0000000082c00000, 0x0000000082c00000, 0x0000000082d00000|  0%| F|  |TS  0|AC  0|TAMS 0x0000000082c00000, 0x0000000082c00000|
|  27|0x0000000082d00000, 0x0000000082d00000, 0x0000000082e00000|  0%| F|  |TS  0|AC  0|TAMS 0x0000000082d00000, 0x0000000082d00000|
|  28|0x0000000082e00000, 0x0000000082e00000, 0x0000000082f00000|  0%| F|  |TS  0|AC  0|TAMS 0x0000000082e00000, 0x0000000082e00000|
|  29|0x0000000082f00000, 0x0000000082f00000, 0x0000000083000000|  0%| F|  |TS  0|AC  0|TAMS 0x0000000082f00000, 0x0000000082f00000|
|  30|0x0000000083000000, 0x0000000083000000, 0x0000000083100000|  0%| F|  |TS  0|AC  0|TAMS 0x0000000083000000, 0x0000000083000000|
|  31|0x0000000083100000, 0x0000000083100000, 0x0000000083200000|  0%| F|  |TS  0|AC  0|TAMS 0x0000000083100000, 0x0000000083100000|
|  32|0x0000000083200000, 0x0000000083200000, 0x0000000083300000|  0%| F|  |TS  0|AC  0|TAMS 0x0000000083200000, 0x0000000083200000|
|  33|0x0000000083300000, 0x0000000083300000, 0x0000000083400000|  0%| F|  |TS  0|AC  0|TAMS 0x0000000083300000, 0x0000000083300000|
|  34|0x0000000083400000, 0x0000000083400000, 0x0000000083500000|  0%| F|  |TS  0|AC  0|TAMS 0x0000000083400000, 0x0000000083400000|
|  35|0x0000000083500000, 0x0000000083500000, 0x0000000083600000|  0%| F|  |TS  0|AC  0|TAMS 0x0000000083500000, 0x0000000083500000|
|  36|0x0000000083600000, 0x0000000083600000, 0x0000000083700000|  0%| F|  |TS  0|AC  0|TAMS 0x0000000083600000, 0x0000000083600000|
|  37|0x0000000083700000, 0x0000000083700000, 0x0000000083800000|  0%| F|  |TS  0|AC  0|TAMS 0x0000000083700000, 0x0000000083700000|
|  38|0x0000000083800000, 0x0000000083800000, 0x0000000083900000|  0%| F|  |TS  0|AC  0|TAMS 0x0000000083800000, 0x0000000083800000|
|  39|0x0000000083900000, 0x0000000083900000, 0x0000000083a00000|  0%| F|  |TS  0|AC  0|TAMS 0x0000000083900000, 0x0000000083900000|
|  40|0x0000000083a00000, 0x0000000083a00000, 0x0000000083b00000|  0%| F|  |TS  0|AC  0|TAMS 0x0000000083a00000, 0x0000000083a00000|
|  41|0x0000000083b00000, 0x0000000083b00000, 0x0000000083c00000|  0%| F|  |TS  0|AC  0|TAMS 0x0000000083b00000, 0x0000000083b00000|
|  42|0x0000000083c00000, 0x0000000083c00000, 0x0000000083d00000|  0%| F|  |TS  3|AC  0|TAMS 0x0000000083c00000, 0x0000000083c00000|
|  43|0x0000000083d00000, 0x0000000083d00000, 0x0000000083e00000|  0%| F|  |TS  3|AC  0|TAMS 0x0000000083d00000, 0x0000000083d00000|
|  44|0x0000000083e00000, 0x0000000083e00000, 0x0000000083f00000|  0%| F|  |TS  3|AC  0|TAMS 0x0000000083e00000, 0x0000000083e00000|
|  45|0x0000000083f00000, 0x0000000083f00000, 0x0000000084000000|  0%| F|  |TS  3|AC  0|TAMS 0x0000000083f00000, 0x0000000083f00000|
|  46|0x0000000084000000, 0x0000000084000000, 0x0000000084100000|  0%| F|  |TS  3|AC  0|TAMS 0x0000000084000000, 0x0000000084000000|
|  47|0x0000000084100000, 0x0000000084100000, 0x0000000084200000|  0%| F|  |TS  3|AC  0|TAMS 0x0000000084100000, 0x0000000084100000|
|  48|0x0000000084200000, 0x0000000084200000, 0x0000000084300000|  0%| F|  |TS  3|AC  0|TAMS 0x0000000084200000, 0x0000000084200000|
|  49|0x0000000084300000, 0x0000000084300000, 0x0000000084400000|  0%| F|  |TS  3|AC  0|TAMS 0x0000000084300000, 0x0000000084300000|
|  50|0x0000000084400000, 0x0000000084400000, 0x0000000084500000|  0%| F|  |TS  3|AC  0|TAMS 0x0000000084400000, 0x0000000084400000|
|  51|0x0000000084500000, 0x0000000084500000, 0x0000000084600000|  0%| F|  |TS  3|AC  0|TAMS 0x0000000084500000, 0x0000000084500000|
|  52|0x0000000084600000, 0x0000000084600000, 0x0000000084700000|  0%| F|  |TS  1|AC  0|TAMS 0x0000000084600000, 0x0000000084600000|
|  53|0x0000000084700000, 0x0000000084700000, 0x0000000084800000|  0%| F|  |TS  1|AC  0|TAMS 0x0000000084700000, 0x0000000084700000|
|  54|0x0000000084800000, 0x0000000084800000, 0x0000000084900000|  0%| F|  |TS  1|AC  0|TAMS 0x0000000084800000, 0x0000000084800000|
|  55|0x0000000084900000, 0x0000000084900000, 0x0000000084a00000|  0%| F|  |TS  1|AC  0|TAMS 0x0000000084900000, 0x0000000084900000|
|  56|0x0000000084a00000, 0x0000000084a00000, 0x0000000084b00000|  0%| F|  |TS  1|AC  0|TAMS 0x0000000084a00000, 0x0000000084a00000|
|  57|0x0000000084b00000, 0x0000000084b00000, 0x0000000084c00000|  0%| F|  |TS  1|AC  0|TAMS 0x0000000084b00000, 0x0000000084b00000|
|  58|0x0000000084c00000, 0x0000000084c7a660, 0x0000000084d00000| 47%| S|CS|TS  3|AC  0|TAMS 0x0000000084c00000, 0x0000000084c00000|
|  59|0x0000000084d00000, 0x0000000084e00000, 0x0000000084e00000|100%| S|CS|TS  3|AC  0|TAMS 0x0000000084d00000, 0x0000000084d00000|
|  60|0x0000000084e00000, 0x0000000084f00000, 0x0000000084f00000|100%| S|CS|TS  3|AC  0|TAMS 0x0000000084e00000, 0x0000000084e00000|
|  61|0x0000000084f00000, 0x0000000085000000, 0x0000000085000000|100%| S|CS|TS  3|AC  0|TAMS 0x0000000084f00000, 0x0000000084f00000|
|  62|0x0000000085000000, 0x0000000085100000, 0x0000000085100000|100%| S|CS|TS  3|AC  0|TAMS 0x0000000085000000, 0x0000000085000000|
|  63|0x0000000085100000, 0x0000000085200000, 0x0000000085200000|100%| S|CS|TS  3|AC  0|TAMS 0x0000000085100000, 0x0000000085100000|
|  64|0x0000000085200000, 0x0000000085300000, 0x0000000085300000|100%| S|CS|TS  3|AC  0|TAMS 0x0000000085200000, 0x0000000085200000|
|  65|0x0000000085300000, 0x0000000085300000, 0x0000000085400000|  0%| F|  |TS  3|AC  0|TAMS 0x0000000085300000, 0x0000000085300000|
|  66|0x0000000085400000, 0x0000000085400000, 0x0000000085500000|  0%| F|  |TS  3|AC  0|TAMS 0x0000000085400000, 0x0000000085400000|
|  67|0x0000000085500000, 0x0000000085500000, 0x0000000085600000|  0%| F|  |TS  3|AC  0|TAMS 0x0000000085500000, 0x0000000085500000|
|  68|0x0000000085600000, 0x0000000085600000, 0x0000000085700000|  0%| F|  |TS  3|AC  0|TAMS 0x0000000085600000, 0x0000000085600000|
|  69|0x0000000085700000, 0x0000000085700000, 0x0000000085800000|  0%| F|  |TS  3|AC  0|TAMS 0x0000000085700000, 0x0000000085700000|
|  70|0x0000000085800000, 0x0000000085800000, 0x0000000085900000|  0%| F|  |TS  3|AC  0|TAMS 0x0000000085800000, 0x0000000085800000|
|  71|0x0000000085900000, 0x0000000085900000, 0x0000000085a00000|  0%| F|  |TS  3|AC  0|TAMS 0x0000000085900000, 0x0000000085900000|
|  72|0x0000000085a00000, 0x0000000085a00000, 0x0000000085b00000|  0%| F|  |TS  3|AC  0|TAMS 0x0000000085a00000, 0x0000000085a00000|
|  73|0x0000000085b00000, 0x0000000085b00000, 0x0000000085c00000|  0%| F|  |TS  3|AC  0|TAMS 0x0000000085b00000, 0x0000000085b00000|
|  74|0x0000000085c00000, 0x0000000085c00000, 0x0000000085d00000|  0%| F|  |TS  3|AC  0|TAMS 0x0000000085c00000, 0x0000000085c00000|
|  75|0x0000000085d00000, 0x0000000085df40f0, 0x0000000085e00000| 95%| E|  |TS  3|AC  0|TAMS 0x0000000085d00000, 0x0000000085d00000|
|  76|0x0000000085e00000, 0x0000000085f00000, 0x0000000085f00000|100%| E|CS|TS  3|AC  0|TAMS 0x0000000085e00000, 0x0000000085e00000|
|  77|0x0000000085f00000, 0x0000000086000000, 0x0000000086000000|100%| E|CS|TS  3|AC  0|TAMS 0x0000000085f00000, 0x0000000085f00000|
|  78|0x0000000086000000, 0x0000000086100000, 0x0000000086100000|100%| E|CS|TS  3|AC  0|TAMS 0x0000000086000000, 0x0000000086000000|
|  79|0x0000000086100000, 0x0000000086200000, 0x0000000086200000|100%| E|CS|TS  3|AC  0|TAMS 0x0000000086100000, 0x0000000086100000|
|  80|0x0000000086200000, 0x0000000086300000, 0x0000000086300000|100%| E|CS|TS  3|AC  0|TAMS 0x0000000086200000, 0x0000000086200000|
|  81|0x0000000086300000, 0x0000000086400000, 0x0000000086400000|100%| E|CS|TS  3|AC  0|TAMS 0x0000000086300000, 0x0000000086300000|
|  82|0x0000000086400000, 0x0000000086500000, 0x0000000086500000|100%| E|CS|TS  3|AC  0|TAMS 0x0000000086400000, 0x0000000086400000|
|  83|0x0000000086500000, 0x0000000086600000, 0x0000000086600000|100%| E|CS|TS  3|AC  0|TAMS 0x0000000086500000, 0x0000000086500000|
|  84|0x0000000086600000, 0x0000000086700000, 0x0000000086700000|100%| E|CS|TS  3|AC  0|TAMS 0x0000000086600000, 0x0000000086600000|
|  85|0x0000000086700000, 0x0000000086800000, 0x0000000086800000|100%| E|CS|TS  3|AC  0|TAMS 0x0000000086700000, 0x0000000086700000|
|  86|0x0000000086800000, 0x0000000086900000, 0x0000000086900000|100%| E|CS|TS  3|AC  0|TAMS 0x0000000086800000, 0x0000000086800000|
|  87|0x0000000086900000, 0x0000000086a00000, 0x0000000086a00000|100%| E|CS|TS  3|AC  0|TAMS 0x0000000086900000, 0x0000000086900000|
|  88|0x0000000086a00000, 0x0000000086b00000, 0x0000000086b00000|100%| E|CS|TS  3|AC  0|TAMS 0x0000000086a00000, 0x0000000086a00000|
|  89|0x0000000086b00000, 0x0000000086c00000, 0x0000000086c00000|100%| E|CS|TS  3|AC  0|TAMS 0x0000000086b00000, 0x0000000086b00000|
|  90|0x0000000086c00000, 0x0000000086d00000, 0x0000000086d00000|100%| E|CS|TS  3|AC  0|TAMS 0x0000000086c00000, 0x0000000086c00000|
|  91|0x0000000086d00000, 0x0000000086e00000, 0x0000000086e00000|100%| E|CS|TS  3|AC  0|TAMS 0x0000000086d00000, 0x0000000086d00000|
|  92|0x0000000086e00000, 0x0000000086f00000, 0x0000000086f00000|100%| E|CS|TS  3|AC  0|TAMS 0x0000000086e00000, 0x0000000086e00000|
|  93|0x0000000086f00000, 0x0000000087000000, 0x0000000087000000|100%| E|CS|TS  3|AC  0|TAMS 0x0000000086f00000, 0x0000000086f00000|
|  94|0x0000000087000000, 0x0000000087100000, 0x0000000087100000|100%| E|CS|TS  3|AC  0|TAMS 0x0000000087000000, 0x0000000087000000|
|  95|0x0000000087100000, 0x0000000087200000, 0x0000000087200000|100%| E|CS|TS  3|AC  0|TAMS 0x0000000087100000, 0x0000000087100000|
|  96|0x0000000087200000, 0x0000000087300000, 0x0000000087300000|100%| E|CS|TS  3|AC  0|TAMS 0x0000000087200000, 0x0000000087200000|
|  97|0x0000000087300000, 0x0000000087400000, 0x0000000087400000|100%| E|CS|TS  3|AC  0|TAMS 0x0000000087300000, 0x0000000087300000|
|  98|0x0000000087400000, 0x0000000087500000, 0x0000000087500000|100%| E|CS|TS  3|AC  0|TAMS 0x0000000087400000, 0x0000000087400000|
|  99|0x0000000087500000, 0x0000000087600000, 0x0000000087600000|100%| E|CS|TS  3|AC  0|TAMS 0x0000000087500000, 0x0000000087500000|
| 100|0x0000000087600000, 0x0000000087700000, 0x0000000087700000|100%| E|CS|TS  3|AC  0|TAMS 0x0000000087600000, 0x0000000087600000|
| 101|0x0000000087700000, 0x0000000087800000, 0x0000000087800000|100%| E|CS|TS  3|AC  0|TAMS 0x0000000087700000, 0x0000000087700000|
| 102|0x0000000087800000, 0x0000000087900000, 0x0000000087900000|100%| E|CS|TS  3|AC  0|TAMS 0x0000000087800000, 0x0000000087800000|
| 103|0x0000000087900000, 0x0000000087a00000, 0x0000000087a00000|100%| E|CS|TS  3|AC  0|TAMS 0x0000000087900000, 0x0000000087900000|
| 104|0x0000000087a00000, 0x0000000087b00000, 0x0000000087b00000|100%| E|CS|TS  3|AC  0|TAMS 0x0000000087a00000, 0x0000000087a00000|
| 105|0x0000000087b00000, 0x0000000087c00000, 0x0000000087c00000|100%| E|CS|TS  3|AC  0|TAMS 0x0000000087b00000, 0x0000000087b00000|
| 106|0x0000000087c00000, 0x0000000087d00000, 0x0000000087d00000|100%| E|CS|TS  3|AC  0|TAMS 0x0000000087c00000, 0x0000000087c00000|
| 107|0x0000000087d00000, 0x0000000087e00000, 0x0000000087e00000|100%| E|CS|TS  3|AC  0|TAMS 0x0000000087d00000, 0x0000000087d00000|
| 108|0x0000000087e00000, 0x0000000087f00000, 0x0000000087f00000|100%| E|CS|TS  3|AC  0|TAMS 0x0000000087e00000, 0x0000000087e00000|
| 109|0x0000000087f00000, 0x0000000088000000, 0x0000000088000000|100%| E|CS|TS  3|AC  0|TAMS 0x0000000087f00000, 0x0000000087f00000|
| 110|0x0000000088000000, 0x0000000088100000, 0x0000000088100000|100%| E|CS|TS  3|AC  0|TAMS 0x0000000088000000, 0x0000000088000000|
| 111|0x0000000088100000, 0x0000000088200000, 0x0000000088200000|100%| E|CS|TS  3|AC  0|TAMS 0x0000000088100000, 0x0000000088100000|
| 112|0x0000000088200000, 0x0000000088300000, 0x0000000088300000|100%| E|CS|TS  3|AC  0|TAMS 0x0000000088200000, 0x0000000088200000|
| 113|0x0000000088300000, 0x0000000088400000, 0x0000000088400000|100%| E|CS|TS  3|AC  0|TAMS 0x0000000088300000, 0x0000000088300000|
| 114|0x0000000088400000, 0x0000000088500000, 0x0000000088500000|100%| E|CS|TS  3|AC  0|TAMS 0x0000000088400000, 0x0000000088400000|
| 115|0x0000000088500000, 0x0000000088600000, 0x0000000088600000|100%| E|CS|TS  3|AC  0|TAMS 0x0000000088500000, 0x0000000088500000|
| 116|0x0000000088600000, 0x0000000088700000, 0x0000000088700000|100%| E|CS|TS  3|AC  0|TAMS 0x0000000088600000, 0x0000000088600000|
| 117|0x0000000088700000, 0x0000000088800000, 0x0000000088800000|100%| E|CS|TS  3|AC  0|TAMS 0x0000000088700000, 0x0000000088700000|
| 118|0x0000000088800000, 0x0000000088900000, 0x0000000088900000|100%| E|CS|TS  3|AC  0|TAMS 0x0000000088800000, 0x0000000088800000|
| 119|0x0000000088900000, 0x0000000088a00000, 0x0000000088a00000|100%| E|CS|TS  3|AC  0|TAMS 0x0000000088900000, 0x0000000088900000|
| 120|0x0000000088a00000, 0x0000000088b00000, 0x0000000088b00000|100%| E|CS|TS  3|AC  0|TAMS 0x0000000088a00000, 0x0000000088a00000|
| 121|0x0000000088b00000, 0x0000000088c00000, 0x0000000088c00000|100%| E|CS|TS  3|AC  0|TAMS 0x0000000088b00000, 0x0000000088b00000|
| 122|0x0000000088c00000, 0x0000000088d00000, 0x0000000088d00000|100%| E|CS|TS  3|AC  0|TAMS 0x0000000088c00000, 0x0000000088c00000|
| 123|0x0000000088d00000, 0x0000000088e00000, 0x0000000088e00000|100%| E|CS|TS  3|AC  0|TAMS 0x0000000088d00000, 0x0000000088d00000|
| 124|0x0000000088e00000, 0x0000000088f00000, 0x0000000088f00000|100%| E|CS|TS  3|AC  0|TAMS 0x0000000088e00000, 0x0000000088e00000|
| 125|0x0000000088f00000, 0x0000000089000000, 0x0000000089000000|100%| E|CS|TS  3|AC  0|TAMS 0x0000000088f00000, 0x0000000088f00000|
| 126|0x0000000089000000, 0x0000000089100000, 0x0000000089100000|100%| E|CS|TS  3|AC  0|TAMS 0x0000000089000000, 0x0000000089000000|
| 127|0x0000000089100000, 0x0000000089200000, 0x0000000089200000|100%| E|CS|TS  3|AC  0|TAMS 0x0000000089100000, 0x0000000089100000|

Card table byte_map: [0x0000000003fc0000,0x00000000043c0000] byte_map_base: 0x0000000003bb7000

Marking Bits (Prev, Next): (CMBitMap*) 0x00000000031540b8, (CMBitMap*) 0x0000000003154080
 Prev Bits: [0x0000000021b20000, 0x0000000023ad8000)
 Next Bits: [0x00000000047c0000, 0x0000000006778000)

Polling page: 0x00000000002f0000

CodeHeap 'non-profiled nmethods': size=120064Kb used=970Kb max_used=1186Kb free=119094Kb
 bounds [0x000000001a5e0000, 0x000000001a850000, 0x0000000021b20000]
CodeHeap 'profiled nmethods': size=120000Kb used=3856Kb max_used=4973Kb free=116143Kb
 bounds [0x00000000130b0000, 0x0000000013590000, 0x000000001a5e0000]
CodeHeap 'non-nmethods': size=5696Kb used=2319Kb max_used=2319Kb free=3376Kb
 bounds [0x0000000012b20000, 0x0000000012d90000, 0x00000000130b0000]
 total_blobs=3507 nmethods=1894 adapters=666
 compilation: enabled

Compilation events (10 events):
Event: 73.094 Thread 0x00000000078c2000 nmethod 2216 0x000000001a704f90 code [0x000000001a705120, 0x000000001a7051a8]
Event: 73.094 Thread 0x00000000078c2000 2217       4       java.lang.ref.Finalizer::access$100 (6 bytes)
Event: 73.095 Thread 0x00000000078c2000 nmethod 2217 0x000000001a705290 code [0x000000001a705420, 0x000000001a7054c8]
Event: 73.096 Thread 0x00000000078c2000 2218       4       java.lang.System$2::invokeFinalize (5 bytes)
Event: 73.097 Thread 0x00000000078c2000 nmethod 2218 0x000000001a705590 code [0x000000001a705720, 0x000000001a705798]
Event: 73.097 Thread 0x00000000078c2000 2219       4       java.lang.ref.Finalizer::hasBeenFinalized (14 bytes)
Event: 73.097 Thread 0x00000000078c2000 nmethod 2219 0x000000001a705810 code [0x000000001a7059a0, 0x000000001a705a18]
Event: 73.131 Thread 0x00000000078b1800 nmethod 2214 0x000000001a705a90 code [0x000000001a705ce0, 0x000000001a707da8]
Event: 81.316 Thread 0x000000000791f000 2220   !   3       java.lang.ref.Finalizer::runFinalizer (62 bytes)
Event: 81.316 Thread 0x000000000791f000 nmethod 2220 0x00000000130b1d90 code [0x00000000130b1fa0, 0x00000000130b2858]

GC Heap History (10 events):
Event: 1.338 GC heap before
{Heap before GC invocations=1 (full 0):
 garbage-first heap   total 131072K, used 15920K [0x0000000081200000, 0x0000000081300400, 0x0000000100000000)
  region size 1024K, 11 young (11264K), 2 survivors (2048K)
 Metaspace       used 8378K, capacity 8488K, committed 8704K, reserved 1056768K
  class space    used 856K, capacity 906K, committed 1024K, reserved 1048576K
}
Event: 1.343 GC heap after
{Heap after GC invocations=2 (full 0):
 garbage-first heap   total 131072K, used 8206K [0x0000000081200000, 0x0000000081300400, 0x0000000100000000)
  region size 1024K, 2 young (2048K), 2 survivors (2048K)
 Metaspace       used 8378K, capacity 8488K, committed 8704K, reserved 1056768K
  class space    used 856K, capacity 906K, committed 1024K, reserved 1048576K
}
Event: 3.603 GC heap before
{Heap before GC invocations=2 (full 0):
 garbage-first heap   total 131072K, used 32782K [0x0000000081200000, 0x0000000081300400, 0x0000000100000000)
  region size 1024K, 26 young (26624K), 2 survivors (2048K)
 Metaspace       used 14216K, capacity 14654K, committed 14848K, reserved 1062912K
  class space    used 1622K, capacity 1725K, committed 1792K, reserved 1048576K
}
Event: 3.611 GC heap after
{Heap after GC invocations=3 (full 0):
 garbage-first heap   total 131072K, used 11207K [0x0000000081200000, 0x0000000081300400, 0x0000000100000000)
  region size 1024K, 4 young (4096K), 4 survivors (4096K)
 Metaspace       used 14216K, capacity 14654K, committed 14848K, reserved 1062912K
  class space    used 1622K, capacity 1725K, committed 1792K, reserved 1048576K
}
Event: 5.317 GC heap before
{Heap before GC invocations=3 (full 0):
 garbage-first heap   total 131072K, used 44999K [0x0000000081200000, 0x0000000081300400, 0x0000000100000000)
  region size 1024K, 38 young (38912K), 4 survivors (4096K)
 Metaspace       used 20519K, capacity 21184K, committed 21296K, reserved 1069056K
  class space    used 2452K, capacity 2638K, committed 2688K, reserved 1048576K
}
Event: 5.329 GC heap after
{Heap after GC invocations=4 (full 0):
 garbage-first heap   total 131072K, used 14752K [0x0000000081200000, 0x0000000081300400, 0x0000000100000000)
  region size 1024K, 8 young (8192K), 8 survivors (8192K)
 Metaspace       used 20519K, capacity 21184K, committed 21296K, reserved 1069056K
  class space    used 2452K, capacity 2638K, committed 2688K, reserved 1048576K
}
Event: 73.042 GC heap before
{Heap before GC invocations=5 (full 0):
 garbage-first heap   total 131072K, used 89504K [0x0000000081200000, 0x0000000081300400, 0x0000000100000000)
  region size 1024K, 76 young (77824K), 8 survivors (8192K)
 Metaspace       used 27037K, capacity 27968K, committed 28288K, reserved 1075200K
  class space    used 3176K, capacity 3366K, committed 3456K, reserved 1048576K
}
Event: 73.063 GC heap after
{Heap after GC invocations=6 (full 0):
 garbage-first heap   total 131072K, used 19004K [0x0000000081200000, 0x0000000081300400, 0x0000000100000000)
  region size 1024K, 10 young (10240K), 10 survivors (10240K)
 Metaspace       used 27037K, capacity 27968K, committed 28288K, reserved 1075200K
  class space    used 3176K, capacity 3366K, committed 3456K, reserved 1048576K
}
Event: 81.293 GC heap before
{Heap before GC invocations=6 (full 0):
 garbage-first heap   total 131072K, used 83516K [0x0000000081200000, 0x0000000081300400, 0x0000000100000000)
  region size 1024K, 73 young (74752K), 10 survivors (10240K)
 Metaspace       used 28868K, capacity 30266K, committed 30464K, reserved 1075200K
  class space    used 3564K, capacity 4007K, committed 4096K, reserved 1048576K
}
Event: 81.312 GC heap after
{Heap after GC invocations=7 (full 0):
 garbage-first heap   total 131072K, used 22337K [0x0000000081200000, 0x0000000081300400, 0x0000000100000000)
  region size 1024K, 7 young (7168K), 7 survivors (7168K)
 Metaspace       used 28868K, capacity 30266K, committed 30464K, reserved 1075200K
  class space    used 3564K, capacity 4007K, committed 4096K, reserved 1048576K
}

Deoptimization events (10 events):
Event: 3.995 Thread 0x0000000000105800 Uncommon trap: reason=bimorphic_or_optimized_type_check action=maybe_recompile pc=0x000000001a69553c method=java.net.URL.<init>(Ljava/net/URL;Ljava/lang/String;Ljava/net/URLStreamHandler;)V @ 507 c2
Event: 4.043 Thread 0x0000000000105800 Uncommon trap: reason=class_check action=maybe_recompile pc=0x000000001a6ac58c method=java.util.HashMap.putVal(ILjava/lang/Object;Ljava/lang/Object;ZZ)Ljava/lang/Object; @ 91 c2
Event: 4.044 Thread 0x0000000000105800 Uncommon trap: reason=class_check action=maybe_recompile pc=0x000000001a6ac58c method=java.util.HashMap.putVal(ILjava/lang/Object;Ljava/lang/Object;ZZ)Ljava/lang/Object; @ 91 c2
Event: 4.425 Thread 0x0000000000105800 Uncommon trap: reason=unstable_if action=reinterpret pc=0x000000001a67792c method=sun.nio.cs.UTF_8$Decoder.decodeArrayLoop(Ljava/nio/ByteBuffer;Ljava/nio/CharBuffer;)Ljava/nio/charset/CoderResult; @ 84 c2
Event: 4.588 Thread 0x0000000000105800 Uncommon trap: reason=unstable_if action=reinterpret pc=0x000000001a64cc2c method=java.lang.String.replace(CC)Ljava/lang/String; @ 2 c2
Event: 4.592 Thread 0x0000000000105800 Uncommon trap: reason=bimorphic_or_optimized_type_check action=maybe_recompile pc=0x000000001a69553c method=java.net.URL.<init>(Ljava/net/URL;Ljava/lang/String;Ljava/net/URLStreamHandler;)V @ 507 c2
Event: 4.616 Thread 0x00000000693ed800 Uncommon trap: reason=unstable_if action=reinterpret pc=0x000000001a6c3e70 method=java.lang.CharacterDataLatin1.digit(II)I @ 82 c2
Event: 5.128 Thread 0x00000000693ed800 Uncommon trap: reason=unstable_if action=reinterpret pc=0x000000001a6aad78 method=java.lang.CharacterDataLatin1.digit(II)I @ 82 c2
Event: 5.414 Thread 0x0000000000105800 Uncommon trap: reason=unstable_if action=reinterpret pc=0x000000001a6e4b0c method=java.util.regex.Pattern$BmpCharProperty.match(Ljava/util/regex/Matcher;ILjava/lang/CharSequence;)Z @ 39 c2
Event: 73.096 Thread 0x0000000007895800 Uncommon trap: reason=unstable_if action=reinterpret pc=0x000000001a704c24 method=java.lang.ref.Finalizer.remove()V @ 10 c2

Classes redefined (8 events):
Event: 962.364 Thread 0x000000000788f000 redefined class name=SupportingUtilites.RestAssuredClient, count=1
Event: 1700.880 Thread 0x000000000788f000 redefined class name=StepDefination.ProteusWebSteps, count=1
Event: 1700.890 Thread 0x000000000788f000 redefined class name=SupportingUtilites.RestAssuredClient, count=2
Event: 2420.910 Thread 0x000000000788f000 redefined class name=SupportingUtilites.RestAssuredClient, count=3
Event: 2785.059 Thread 0x000000000788f000 redefined class name=SupportingUtilites.RestAssuredClient, count=4
Event: 2947.778 Thread 0x000000000788f000 redefined class name=SupportingUtilites.RestAssuredClient, count=5
Event: 3020.592 Thread 0x000000000788f000 redefined class name=SupportingUtilites.RestAssuredClient, count=6
Event: 3870.458 Thread 0x000000000788f000 redefined class name=StepDefination.ProteusWebSteps, count=2

Internal exceptions (10 events):
Event: 97.218 Thread 0x0000000000105800 Exception <a 'java/lang/ClassNotFoundException'{0x0000000087aa3688}: java/io/InputStreamCustomizer> (0x0000000087aa3688) thrown at [t:/workspace/hotspot/src/share/vm/classfile/systemDictionary.cpp, line 218]
Event: 97.234 Thread 0x0000000000105800 Exception <a 'java/lang/ClassNotFoundException'{0x0000000087ad6e98}: org/apache/http/conn/EofSensorInputStreamCustomizer> (0x0000000087ad6e98) thrown at [t:/workspace/hotspot/src/share/vm/classfile/systemDictionary.cpp, line 218]
Event: 97.304 Thread 0x0000000000105800 Exception <a 'java/lang/ClassNotFoundException'{0x000000008796e010}: io/restassured/mapper/factory/DefaultJackson2ObjectMapperFactoryBeanInfo> (0x000000008796e010) thrown at [t:/workspace/hotspot/src/share/vm/classfile/systemDictionary.cpp, line 218]
Event: 97.317 Thread 0x0000000000105800 Exception <a 'java/lang/ClassNotFoundException'{0x00000000879a8828}: io/restassured/mapper/factory/DefaultJackson2ObjectMapperFactoryCustomizer> (0x00000000879a8828) thrown at [t:/workspace/hotspot/src/share/vm/classfile/systemDictionary.cpp, line 218]
Event: 98.912 Thread 0x0000000000105800 Exception <a 'java/lang/ClassNotFoundException'{0x00000000861e98e0}: com/fasterxml/jackson/databind/ObjectMapperBeanInfo> (0x00000000861e98e0) thrown at [t:/workspace/hotspot/src/share/vm/classfile/systemDictionary.cpp, line 218]
Event: 98.924 Thread 0x0000000000105800 Exception <a 'java/lang/ClassNotFoundException'{0x00000000860133a8}: com/fasterxml/jackson/core/ObjectCodecBeanInfo> (0x00000000860133a8) thrown at [t:/workspace/hotspot/src/share/vm/classfile/systemDictionary.cpp, line 218]
Event: 98.936 Thread 0x0000000000105800 Exception <a 'java/lang/ClassNotFoundException'{0x000000008603bd48}: com/fasterxml/jackson/core/TreeCodecBeanInfo> (0x000000008603bd48) thrown at [t:/workspace/hotspot/src/share/vm/classfile/systemDictionary.cpp, line 218]
Event: 98.947 Thread 0x0000000000105800 Exception <a 'java/lang/ClassNotFoundException'{0x0000000086065238}: com/fasterxml/jackson/core/TreeCodecCustomizer> (0x0000000086065238) thrown at [t:/workspace/hotspot/src/share/vm/classfile/systemDictionary.cpp, line 218]
Event: 98.962 Thread 0x0000000000105800 Exception <a 'java/lang/ClassNotFoundException'{0x0000000086094570}: com/fasterxml/jackson/core/ObjectCodecCustomizer> (0x0000000086094570) thrown at [t:/workspace/hotspot/src/share/vm/classfile/systemDictionary.cpp, line 218]
Event: 98.989 Thread 0x0000000000105800 Exception <a 'java/lang/ClassNotFoundException'{0x00000000860d5df0}: com/fasterxml/jackson/databind/ObjectMapperCustomizer> (0x00000000860d5df0) thrown at [t:/workspace/hotspot/src/share/vm/classfile/systemDictionary.cpp, line 218]

Events (10 events):
Event: 3870.548 Executing VM operation: GetFrameCount done
Event: 3870.548 Executing VM operation: GetFrameLocation
Event: 3870.548 Executing VM operation: GetFrameLocation done
Event: 3870.572 Executing VM operation: GetFrameCount
Event: 3870.572 Executing VM operation: GetFrameCount done
Event: 3870.572 Executing VM operation: GetFrameLocation
Event: 3870.572 Executing VM operation: GetFrameLocation done
Event: 3870.582 Executing VM operation: GetFrameLocation
Event: 3870.582 Executing VM operation: GetFrameLocation done
Event: 3870.582 Executing VM operation: GetOrSetLocal


Dynamic libraries:
0x000000013ff60000 - 0x000000013ff9e000 	C:\Program Files\Java\jdk-9.0.4\bin\java.exe
0x00000000773e0000 - 0x000000007757f000 	C:\windows\SYSTEM32\ntdll.dll
0x00000000772c0000 - 0x00000000773df000 	C:\windows\system32\kernel32.dll
0x000007fefd3a0000 - 0x000007fefd40a000 	C:\windows\system32\KERNELBASE.dll
0x000007fefd8a0000 - 0x000007fefd97b000 	C:\windows\system32\ADVAPI32.dll
0x000007fefdf50000 - 0x000007fefdfef000 	C:\windows\system32\msvcrt.dll
0x000007feff590000 - 0x000007feff5af000 	C:\windows\SYSTEM32\sechost.dll
0x000007feff460000 - 0x000007feff58d000 	C:\windows\system32\RPCRT4.dll
0x00000000771c0000 - 0x00000000772ba000 	C:\windows\system32\USER32.dll
0x000007fefd830000 - 0x000007fefd897000 	C:\windows\system32\GDI32.dll
0x000007fefdb80000 - 0x000007fefdb8e000 	C:\windows\system32\LPK.dll
0x000007feff5b0000 - 0x000007feff67b000 	C:\windows\system32\USP10.dll
0x000007fef0c30000 - 0x000007fef0e24000 	C:\windows\WinSxS\amd64_microsoft.windows.common-controls_6595b64144ccf1df_6.0.7601.18837_none_fa3b1e3d17594757\COMCTL32.dll
0x000007fefdff0000 - 0x000007fefe061000 	C:\windows\system32\SHLWAPI.dll
0x000007fefbca0000 - 0x000007fefbcac000 	C:\windows\system32\VERSION.dll
0x000007fefd650000 - 0x000007fefd67e000 	C:\windows\system32\IMM32.DLL
0x000007fefd720000 - 0x000007fefd829000 	C:\windows\system32\MSCTF.dll
0x000007fede4a0000 - 0x000007fede58f000 	C:\Program Files\Java\jdk-9.0.4\bin\msvcr120.dll
0x000007feddea0000 - 0x000007feddf46000 	C:\Program Files\Java\jdk-9.0.4\bin\msvcp120.dll
0x0000000007aa0000 - 0x00000000084c5000 	C:\Program Files\Java\jdk-9.0.4\bin\server\jvm.dll
0x000007fef7a90000 - 0x000007fef7a99000 	C:\windows\system32\WSOCK32.dll
0x000007feff680000 - 0x000007feff6cd000 	C:\windows\system32\WS2_32.dll
0x000007fefdec0000 - 0x000007fefdec8000 	C:\windows\system32\NSI.dll
0x000007fef0870000 - 0x000007fef08ab000 	C:\windows\system32\WINMM.dll
0x0000000077590000 - 0x0000000077597000 	C:\windows\system32\PSAPI.DLL
0x000007fef00e0000 - 0x000007fef00ef000 	C:\Program Files\Java\jdk-9.0.4\bin\verify.dll
0x000007fedea80000 - 0x000007fedeaa7000 	C:\Program Files\Java\jdk-9.0.4\bin\java.dll
0x000007fede320000 - 0x000007fede356000 	C:\Program Files\Java\jdk-9.0.4\bin\jdwp.dll
0x000007fede2f0000 - 0x000007fede31a000 	C:\Program Files\Java\jdk-9.0.4\bin\instrument.dll
0x000007fededc0000 - 0x000007fededd6000 	C:\Program Files\Java\jdk-9.0.4\bin\zip.dll
0x000007feea600000 - 0x000007feea60a000 	C:\Program Files\Java\jdk-9.0.4\bin\jimage.dll
0x000007fefe070000 - 0x000007fefedfb000 	C:\windows\system32\SHELL32.dll
0x000007fefd980000 - 0x000007fefdb7d000 	C:\windows\system32\ole32.dll
0x000007fefd0b0000 - 0x000007fefd0bf000 	C:\windows\system32\profapi.dll
0x000007fede480000 - 0x000007fede49a000 	C:\Program Files\Java\jdk-9.0.4\bin\net.dll
0x000007fee87d0000 - 0x000007fee8841000 	C:\windows\system32\WINHTTP.dll
0x000007fee6670000 - 0x000007fee66d5000 	C:\windows\system32\webio.dll
0x000007fefc880000 - 0x000007fefc8d5000 	C:\windows\system32\mswsock.dll
0x000007fefc870000 - 0x000007fefc877000 	C:\windows\System32\wship6.dll
0x000007fede440000 - 0x000007fede451000 	C:\Program Files\Java\jdk-9.0.4\bin\nio.dll
0x000007fee9f80000 - 0x000007fee9f8a000 	C:\Program Files\Java\jdk-9.0.4\bin\dt_socket.dll
0x000007fefb180000 - 0x000007fefb187000 	C:\windows\System32\wshtcpip.dll
0x000007fefcef0000 - 0x000007fefcf47000 	C:\windows\system32\apphelp.dll
0x000007fefc700000 - 0x000007fefc75b000 	C:\windows\system32\DNSAPI.dll
0x000007fefb650000 - 0x000007fefb677000 	C:\windows\system32\IPHLPAPI.DLL
0x000007fefb640000 - 0x000007fefb64b000 	C:\windows\system32\WINNSI.DLL
0x000007fee3ec0000 - 0x000007fee3ec8000 	C:\windows\system32\rasadhlp.dll
0x000007fee82b0000 - 0x000007fee8303000 	C:\windows\System32\fwpuclnt.dll
0x000007fede2b0000 - 0x000007fede2d3000 	C:\Program Files\Java\jdk-9.0.4\bin\sunec.dll
0x000007fefc8e0000 - 0x000007fefc8f8000 	C:\windows\system32\CRYPTSP.dll
0x000007fefc5e0000 - 0x000007fefc627000 	C:\windows\system32\rsaenh.dll
0x000007fefd450000 - 0x000007fefd46e000 	C:\windows\system32\USERENV.dll
0x000007fefcf50000 - 0x000007fefcf5f000 	C:\windows\system32\CRYPTBASE.dll
0x000007fee84a0000 - 0x000007fee84b8000 	C:\windows\system32\dhcpcsvc.DLL
0x000007fee8480000 - 0x000007fee8491000 	C:\windows\system32\dhcpcsvc6.DLL
0x000007fef7aa0000 - 0x000007fef7bc5000 	C:\windows\system32\dbghelp.dll

VM Arguments:
jvm_args: -agentlib:jdwp=transport=dt_socket,address=127.0.0.1:64838,suspend=y,server=n -Dorg.jetbrains.run.directory=C:\repoProteusWebJava\src\test\java\Features -javaagent:C:\Users\ramchander.telu\.IdeaIC2017.3\system\captureAgent\debugger-agent.jar=C:\Users\ramchander.telu\AppData\Local\Temp\capture1596.props -Dfile.encoding=UTF-8 
java_command: cucumber.api.cli.Main --plugin org.jetbrains.plugins.cucumber.java.run.CucumberJvmSMFormatter --monochrome --name ^09 API Search for Flights$ --glue StepDefination C:/repoProteusWebJava/src/test/java/Features/AbilityToSearchForFlights.feature
java_class_path (initial): C:\repoProteusWebJava\target\test-classes;C:\repoProteusWebJava\target\classes;C:\Users\ramchander.telu\.m2\repository\junit\junit\4.12\junit-4.12.jar;C:\Users\ramchander.telu\.m2\repository\org\hamcrest\hamcrest-core\1.3\hamcrest-core-1.3.jar;C:\Users\ramchander.telu\.m2\repository\info\cukes\cucumber-java\1.2.5\cucumber-java-1.2.5.jar;C:\Users\ramchander.telu\.m2\repository\info\cukes\cucumber-junit\1.2.5\cucumber-junit-1.2.5.jar;C:\Users\ramchander.telu\.m2\repository\info\cukes\cucumber-core\1.2.5\cucumber-core-1.2.5.jar;C:\Users\ramchander.telu\.m2\repository\info\cukes\cucumber-html\0.2.3\cucumber-html-0.2.3.jar;C:\Users\ramchander.telu\.m2\repository\info\cukes\cucumber-picocontainer\1.2.5\cucumber-picocontainer-1.2.5.jar;C:\Users\ramchander.telu\.m2\repository\org\picocontainer\picocontainer\2.15\picocontainer-2.15.jar;C:\Users\ramchander.telu\.m2\repository\info\cukes\gherkin\2.12.2\gherkin-2.12.2.jar;C:\Users\ramchander.telu\.m2\repository\info\cukes\cucumber-jvm-deps\1.0.5\cucumber-jvm-deps-1.0.5.jar;C:\Users\ramchander.telu\.m2\repository\org\seleniumhq\selenium\selenium-java\3.8.1\selenium-java-3.8.1.jar;C:\Users\ramchander.telu\.m2\repository\org\seleniumhq\selenium\selenium-api\3.8.1\selenium-api-3.8.1.jar;C:\Users\ramchander.telu\.m2\repository\org\seleniumhq\selenium\selenium-edge-driver\3.8.1\selenium-edge-driver-3.8.1.jar;C:\Users\ramchander.telu\.m2\repository\org\seleniumhq\selenium\selenium-opera-driver\3.8.1\selenium-opera-driver-3.8.1.jar;C:\Users\ramchander.telu\.m2\repository\org\seleniumhq\selenium\selenium-safari-driver\3.8.1\selenium-safari-driver-3.8.1.jar;C:\Users\ramchander.telu\.m2\repository\org\seleniumhq\selenium\selenium-support\3.8.1\selenium-support-3.8.1.jar;C:\Users\ramchander.telu\.m2\repository\net\bytebuddy\byte-buddy\1.7.5\byte-buddy-1.7.5.jar;C:\Users\ramchander.telu\.m2\repository\org\apache\commons\commons-exec\1.3\commons-exec-1.3.jar;C:\Users\ramchander.telu\.m2\repository\commons-codec\c
Launcher Type: SUN_STANDARD

Logging:
Log output configuration:
#0: stdout all=warning uptime,level,tags
#1: stderr all=off uptime,level,tags

Environment Variables:
PATH=C:\Program Files\Python35\Scripts\;C:\Program Files\Python35\;C:\ProgramData\Oracle\Java\javapath;C:\Program Files (x86)\Intel\iCLS Client\;C:\Program Files\Intel\iCLS Client\;C:\windows\system32;C:\windows;C:\windows\System32\Wbem;C:\windows\System32\WindowsPowerShell\v1.0\;C:\Program Files (x86)\Intel\Intel(R) Management Engine Components\DAL;C:\Program Files\Intel\Intel(R) Management Engine Components\DAL;C:\Program Files (x86)\Intel\Intel(R) Management Engine Components\IPT;C:\Program Files\Intel\Intel(R) Management Engine Components\IPT;C:\Program Files\Intel\WiFi\bin\;C:\Program Files\Common Files\Intel\WirelessCommon\;C:\Program Files (x86)\PuTTY\;C:\Program Files\Microsoft SQL Server\130\Tools\Binn\;C:\windows\system32\config\systemprofile\.dnx\bin;C:\Program Files\Microsoft DNX\Dnvm\;C:\Program Files\Git\cmd;C:\Program Files\PuTTY\;C:\Users\ramchander.telu\AppData\Local\Programs\Fiddler
USERNAME=Ramchander.Telu
OS=Windows_NT
PROCESSOR_IDENTIFIER=Intel64 Family 6 Model 78 Stepping 3, GenuineIntel



---------------  S Y S T E M  ---------------

OS: Windows 7 , 64 bit Build 7601 (6.1.7601.24009)

CPU:total 4 (initial active 4) (2 cores per cpu, 2 threads per core) family 6 model 78 stepping 3, cmov, cx8, fxsr, mmx, sse, sse2, sse3, ssse3, sse4.1, sse4.2, popcnt, avx, avx2, aes, clmul, erms, 3dnowpref, lzcnt, ht, tsc, tscinvbit, bmi1, bmi2, adx, fma

Memory: 4k page, physical 8308284k(1113572k free), swap 16614692k(7239516k free)

vm_info: Java HotSpot(TM) 64-Bit Server VM (9.0.4+11) for windows-amd64 JRE (9.0.4+11), built on Dec 20 2017 02:18:54 by "mach5one" with MS VC++ 12.0 (VS2013)

END.
